<?xml version="1.0" encoding="UTF-8"?>
<!-- Generated by org.testng.reporters.JUnitReportReporter -->
<testsuite hostname="ELW5203" failures="0" tests="1" name="testng.Apply_Leave" time="15.819" errors="0" timestamp="06 Oct 2022 17:48:15 GMT" skipped="0">
  <testcase classname="testng.Apply_Leave" name="HRM_leave_application" time="15.819"/>
</testsuite> <!-- testng.Apply_Leave -->
