<?xml version="1.0" encoding="UTF-8"?>
<!-- Generated by org.testng.reporters.JUnitReportReporter -->
<testsuite hostname="ELW5203" failures="0" tests="1" name="testng.HRM_Login" time="15.553" errors="0" timestamp="06 Oct 2022 17:03:08 GMT" skipped="0">
  <testcase classname="testng.HRM_Login" name="login" time="15.553"/>
</testsuite> <!-- testng.HRM_Login -->
