<?xml version="1.0" encoding="UTF-8"?>
<!-- Generated by org.testng.reporters.JUnitReportReporter -->
<testsuite hostname="ELW5203" failures="0" tests="1" name="testng.Method_Overloading_Searching" time="8.172" errors="0" timestamp="07 Oct 2022 04:04:00 GMT" skipped="0">
  <testcase classname="testng.Method_Overloading_Searching" name="Search" time="8.172"/>
</testsuite> <!-- testng.Method_Overloading_Searching -->
